Arguments: 
  /Users/gtkj1/.nvm/versions/node/v14.16.1/bin/node /Users/gtkj1/.nvm/versions/node/v14.16.1/bin/yarn

PATH: 
  /Users/gtkj1/workspace/dart/dart-sdk/bin:/usr/local/opt/gnu-getopt/bin:/Users/gtkj1/development/flutter/bin:/Users/gtkj1/.deno/bin:/usr/local/sbin:/Users/gtkj1/.yarn/bin:/Users/gtkj1/.config/yarn/global/node_modules/.bin:/Users/gtkj1/.nvm/versions/node/v14.16.1/bin:/Users/gtkj1/.cargo/bin:/Library/Frameworks/Python.framework/Versions/3.8/bin:/usr/local/bin:/usr/bin:/bin:/usr/sbin:/sbin:/Applications/VMware Fusion.app/Contents/Public:/usr/local/go/bin:/Library/Apple/usr/bin:/Users/gtkj1/workspace/dart/dart-sdk/bin:/usr/local/opt/gnu-getopt/bin:/Users/gtkj1/development/flutter/bin:/Users/gtkj1/.deno/bin:/Users/gtkj1/.antigen/bundles/robbyrussell/oh-my-zsh/lib:/Users/gtkj1/.antigen/bundles/robbyrussell/oh-my-zsh/plugins/git:/Users/gtkj1/.antigen/bundles/robbyrussell/oh-my-zsh/plugins/heroku:/Users/gtkj1/.antigen/bundles/robbyrussell/oh-my-zsh/plugins/pip:/Users/gtkj1/.antigen/bundles/robbyrussell/oh-my-zsh/plugins/lein:/Users/gtkj1/.antigen/bundles/robbyrussell/oh-my-zsh/plugins/command-not-found:/Users/gtkj1/.antigen/bundles/zsh-users/zsh-autosuggestions:/Users/gtkj1/.antigen/bundles/zsh-users/zsh-syntax-highlighting

Yarn version: 
  1.22.11

Node version: 
  14.16.1

Platform: 
  darwin x64

Trace: 
  Error: ENOTEMPTY: directory not empty, rmdir '/Users/gtkj1/Library/Caches/Yarn/v6/npm-@material-ui-icons-4.11.2-b3a7353266519cd743b6461ae9fdfcb1b25eb4c5-integrity/node_modules/@material-ui/icons'

npm manifest: 
  {
    "name": "marketing",
    "version": "1.0.0",
    "scripts": {
      "test": "echo \"Error: no test specified\" && exit 1"
    },
    "dependencies": {
      "@material-ui/core": "^4.11.0",
      "@material-ui/icons": "^4.9.1",
      "react": "^17.0.1",
      "react-dom": "^17.0.1",
      "react-router-dom": "^5.2.0"
    },
    "devDependencies": {
      "@babel/core": "^7.12.3",
      "@babel/plugin-transform-runtime": "^7.12.1",
      "@babel/preset-env": "^7.12.1",
      "@babel/preset-react": "^7.12.1",
      "babel-loader": "^8.1.0",
      "clean-webpack-plugin": "^3.0.0",
      "css-loader": "^5.0.0",
      "html-webpack-plugin": "^4.5.0",
      "style-loader": "^2.0.0",
      "webpack": "^5.4.0",
      "webpack-cli": "^4.1.0",
      "webpack-dev-server": "^3.11.0",
      "webpack-merge": "^5.2.0"
    }
  }

yarn manifest: 
  No manifest

Lockfile: 
  No lockfile
